0 info it worked if it ends with ok
1 verbose cli [ '/usr/local/bin/node', '/usr/local/bin/npm', 'start' ]
2 info using npm@4.1.2
3 info using node@v7.7.4
4 verbose run-script [ 'prestart', 'start', 'poststart' ]
5 info lifecycle cli-universal-demo@0.0.0~prestart: cli-universal-demo@0.0.0
6 verbose lifecycle cli-universal-demo@0.0.0~prestart: unsafe-perm in lifecycle true
7 verbose lifecycle cli-universal-demo@0.0.0~prestart: PATH: /usr/local/lib/node_modules/npm/bin/node-gyp-bin:/Users/giric/Projects/gmaps-flickr/node_modules/.bin:/Library/Frameworks/Python.framework/Versions/3.5/bin:/Library/Frameworks/Python.framework/Versions/3.5/bin:/Library/Frameworks/Python.framework/Versions/3.5/bin:/Library/Frameworks/Python.framework/Versions/3.5/bin:/Library/Frameworks/Python.framework/Versions/3.5/bin:/Library/Frameworks/Python.framework/Versions/3.5/bin:/Library/Frameworks/Python.framework/Versions/3.5/bin:/Library/Frameworks/Python.framework/Versions/3.5/bin:/Library/Frameworks/Python.framework/Versions/3.5/bin:/Library/Frameworks/Python.framework/Versions/3.5/bin:/Library/Frameworks/Python.framework/Versions/3.5/bin:/Library/Frameworks/Python.framework/Versions/3.5/bin:/Library/Frameworks/Python.framework/Versions/3.5/bin:/Library/Frameworks/Python.framework/Versions/3.5/bin:/Library/Frameworks/Python.framework/Versions/3.5/bin:/Library/Frameworks/Python.framework/Versions/3.5/bin:/Library/Frameworks/Python.framework/Versions/3.5/bin:/Library/Frameworks/Python.framework/Versions/3.5/bin:/Library/Frameworks/Python.framework/Versions/3.5/bin:/Library/Frameworks/Python.framework/Versions/3.5/bin:/Library/Frameworks/Python.framework/Versions/3.5/bin:/Library/Frameworks/Python.framework/Versions/3.5/bin:/Library/Frameworks/Python.framework/Versions/3.5/bin:/Library/Frameworks/Python.framework/Versions/3.5/bin:/Library/Frameworks/Python.framework/Versions/3.5/bin:/Library/Frameworks/Python.framework/Versions/3.5/bin:/Users/giric/apache-ant-1.9.6/bin:/Users/giric/omegalib/build/bin:/usr/bin/qmake:/usr/local/bin:/usr/local/bin:/usr/local/bin:/usr/bin:/bin:/usr/sbin:/sbin:/opt/X11/bin:/Library/Frameworks/Python.framework/Versions/3.5/bin:/Users/giric/apache-ant-1.9.6/bin:/Users/giric/omegalib/build/bin:/usr/bin/qmake
8 verbose lifecycle cli-universal-demo@0.0.0~prestart: CWD: /Users/giric/Projects/gmaps-flickr
9 silly lifecycle cli-universal-demo@0.0.0~prestart: Args: [ '-c', 'ng build && ngc && webpack' ]
10 silly lifecycle cli-universal-demo@0.0.0~prestart: Returned: code: 1  signal: null
11 info lifecycle cli-universal-demo@0.0.0~prestart: Failed to exec prestart script
12 verbose stack Error: cli-universal-demo@0.0.0 prestart: `ng build && ngc && webpack`
12 verbose stack Exit status 1
12 verbose stack     at EventEmitter.<anonymous> (/usr/local/lib/node_modules/npm/lib/utils/lifecycle.js:279:16)
12 verbose stack     at emitTwo (events.js:106:13)
12 verbose stack     at EventEmitter.emit (events.js:194:7)
12 verbose stack     at ChildProcess.<anonymous> (/usr/local/lib/node_modules/npm/lib/utils/spawn.js:40:14)
12 verbose stack     at emitTwo (events.js:106:13)
12 verbose stack     at ChildProcess.emit (events.js:194:7)
12 verbose stack     at maybeClose (internal/child_process.js:899:16)
12 verbose stack     at Process.ChildProcess._handle.onexit (internal/child_process.js:226:5)
13 verbose pkgid cli-universal-demo@0.0.0
14 verbose cwd /Users/giric/Projects/gmaps-flickr
15 error Darwin 16.6.0
16 error argv "/usr/local/bin/node" "/usr/local/bin/npm" "start"
17 error node v7.7.4
18 error npm  v4.1.2
19 error code ELIFECYCLE
20 error cli-universal-demo@0.0.0 prestart: `ng build && ngc && webpack`
20 error Exit status 1
21 error Failed at the cli-universal-demo@0.0.0 prestart script 'ng build && ngc && webpack'.
21 error Make sure you have the latest version of node.js and npm installed.
21 error If you do, this is most likely a problem with the cli-universal-demo package,
21 error not with npm itself.
21 error Tell the author that this fails on your system:
21 error     ng build && ngc && webpack
21 error You can get information on how to open an issue for this project with:
21 error     npm bugs cli-universal-demo
21 error Or if that isn't available, you can get their info via:
21 error     npm owner ls cli-universal-demo
21 error There is likely additional logging output above.
22 verbose exit [ 1, true ]
